<?xml version="1.0" encoding="UTF-8"?>
<testng-results skipped="0" failed="0" ignored="0" total="1" passed="1">
  <reporter-output>
  </reporter-output>
  <suite name="Default suite" duration-ms="24368" started-at="2019-09-30T11:29:21Z" finished-at="2019-09-30T11:29:45Z">
    <groups>
    </groups>
    <test name="Default test" duration-ms="24368" started-at="2019-09-30T11:29:21Z" finished-at="2019-09-30T11:29:45Z">
      <class name="Test.TestAppsnGames">
        <test-method status="PASS" signature="setUp()[pri:0, instance:Test.TestAppsnGames@8bd1b6a]" name="setUp" is-config="true" duration-ms="16627" started-at="2019-09-30T16:59:21Z" finished-at="2019-09-30T16:59:38Z">
          <reporter-output>
          </reporter-output>
        </test-method> <!-- setUp -->
        <test-method status="PASS" signature="Footer()[pri:33, instance:Test.TestAppsnGames@8bd1b6a]" name="Footer" duration-ms="6693" started-at="2019-09-30T16:59:38Z" finished-at="2019-09-30T16:59:44Z">
          <reporter-output>
          </reporter-output>
        </test-method> <!-- Footer -->
        <test-method status="PASS" signature="teardown()[pri:0, instance:Test.TestAppsnGames@8bd1b6a]" name="teardown" is-config="true" duration-ms="997" started-at="2019-09-30T16:59:44Z" finished-at="2019-09-30T16:59:45Z">
          <reporter-output>
          </reporter-output>
        </test-method> <!-- teardown -->
      </class> <!-- Test.TestAppsnGames -->
    </test> <!-- Default test -->
  </suite> <!-- Default suite -->
</testng-results>
