<?xml version="1.0" encoding="UTF-8"?>
<!-- Generated by org.testng.reporters.JUnitXMLReporter -->
<testsuite hostname="BLR2-1800101023" ignored="0" name="Test" tests="29" failures="3" timestamp="19 Sep 2019 13:09:22 GMT" time="52.707" errors="0">
  <testcase name="pageHeading" time="0.224" classname="Test.TestAppsnGames"/>
  <testcase name="Resources" time="0.052" classname="Test.TestAppsnGames">
    <failure type="java.lang.AssertionError" message="expected [Resources] but found [resource]">
      <![CDATA[java.lang.AssertionError: expected [Resources] but found [resource]
	at Test.TestAppsnGames.Resources(TestAppsnGames.java:185)
	at java.util.concurrent.FutureTask.run(Unknown Source)
	at java.util.concurrent.ThreadPoolExecutor.runWorker(Unknown Source)
	at java.util.concurrent.ThreadPoolExecutor$Worker.run(Unknown Source)
	at java.lang.Thread.run(Unknown Source)
... Removed 22 stack frames]]>
    </failure>
  </testcase> <!-- Resources -->
  <testcase name="AmazonDeveloperBlog" time="0.045" classname="Test.TestAppsnGames"/>
  <testcase name="TechnicalDocumentation" time="0.041" classname="Test.TestAppsnGames"/>
  <testcase name="GameMakerTutorials" time="0.04" classname="Test.TestAppsnGames"/>
  <testcase name="TestingTools" time="0.058" classname="Test.TestAppsnGames"/>
  <testcase name="AppTestingTools" time="0.032" classname="Test.TestAppsnGames"/>
  <testcase name="AppTestingService" time="0.032" classname="Test.TestAppsnGames"/>
  <testcase name="LiveAppTesting" time="0.034" classname="Test.TestAppsnGames"/>
  <testcase name="AmazonWebAppTester" time="0.039" classname="Test.TestAppsnGames"/>
  <testcase name="ServicesAPIs" time="0.034" classname="Test.TestAppsnGames"/>
  <testcase name="AmazonMoments" time="0.032" classname="Test.TestAppsnGames"/>
  <testcase name="LoginwithAmazon" time="0.037" classname="Test.TestAppsnGames"/>
  <testcase name="InAppPurchasing" time="0.044" classname="Test.TestAppsnGames">
    <failure type="java.lang.AssertionError" message="expected [https://developer.integ.amazon.com/docs/in-app-purchasing/iap-overview.html] but found [https://developer.integ.amazon.com/docs/in-app-purchasing/iap-overview.html ]">
      <![CDATA[java.lang.AssertionError: expected [https://developer.integ.amazon.com/docs/in-app-purchasing/iap-overview.html] but found [https://developer.integ.amazon.com/docs/in-app-purchasing/iap-overview.html ]
	at Test.TestAppsnGames.InAppPurchasing(TestAppsnGames.java:257)
	at java.util.concurrent.FutureTask.run(Unknown Source)
	at java.util.concurrent.ThreadPoolExecutor.runWorker(Unknown Source)
	at java.util.concurrent.ThreadPoolExecutor$Worker.run(Unknown Source)
	at java.lang.Thread.run(Unknown Source)
... Removed 22 stack frames]]>
    </failure>
  </testcase> <!-- InAppPurchasing -->
  <testcase name="MobileAds" time="0.043" classname="Test.TestAppsnGames"/>
  <testcase name="AppSubmissionAPI" time="0.056" classname="Test.TestAppsnGames"/>
  <testcase name="StagedRollouts" time="0.048" classname="Test.TestAppsnGames"/>
  <testcase name="DeveloperPromotionsConsole" time="0.038" classname="Test.TestAppsnGames">
    <failure type="java.lang.AssertionError" message="expected [https://developer.integ.amazon.com/docs/reports-promo/promo-overview.html] but found [https://developer.integ.amazon.com/docs/reports-promo/promo-overview.html ]">
      <![CDATA[java.lang.AssertionError: expected [https://developer.integ.amazon.com/docs/reports-promo/promo-overview.html] but found [https://developer.integ.amazon.com/docs/reports-promo/promo-overview.html ]
	at Test.TestAppsnGames.DeveloperPromotionsConsole(TestAppsnGames.java:289)
	at java.util.concurrent.FutureTask.run(Unknown Source)
	at java.util.concurrent.ThreadPoolExecutor.runWorker(Unknown Source)
	at java.util.concurrent.ThreadPoolExecutor$Worker.run(Unknown Source)
	at java.lang.Thread.run(Unknown Source)
... Removed 22 stack frames]]>
    </failure>
  </testcase> <!-- DeveloperPromotionsConsole -->
  <testcase name="AmazonIncentivesAPI" time="0.048" classname="Test.TestAppsnGames"/>
  <testcase name="DeviceMessaging" time="0.047" classname="Test.TestAppsnGames"/>
  <testcase name="MerchbyAmazon" time="0.044" classname="Test.TestAppsnGames"/>
  <testcase name="AmazonGameOn" time="0.042" classname="Test.TestAppsnGames"/>
  <testcase name="Support" time="0.059" classname="Test.TestAppsnGames"/>
  <testcase name="AmazonDeveloperSupport" time="0.039" classname="Test.TestAppsnGames"/>
  <testcase name="FAQs" time="0.033" classname="Test.TestAppsnGames"/>
  <testcase name="AmazonDeveloperForums" time="0.027" classname="Test.TestAppsnGames"/>
  <testcase name="ContactUs" time="0.034" classname="Test.TestAppsnGames"/>
  <testcase name="Legal" time="0.056" classname="Test.TestAppsnGames"/>
  <testcase name="TermsAgreements" time="0.026" classname="Test.TestAppsnGames"/>
</testsuite> <!-- Test -->
